<?xml version="1.0" encoding="UTF-8"?>
<testsuite name="TestSuite" time="29.537" tests="1" errors="0" skipped="0" failures="1">
  <properties>
[...]
</properties>
  <testcase name="addNewCustomer" classname="com.eBankingV1.Testcases.TC_AddCustomerTest_003" time="29.537">
    <failure message="Dismissed user prompt dialog: please fill all fields: &#10;Build info: version: &apos;3.141.59&apos;, revision: &apos;e82be7d358&apos;, time: &apos;2018-11-14T08:17:03&apos;&#10;System info: host: &apos;DESKTOP-MAH8EC2&apos;, ip: &apos;192.168.1.9&apos;, os.name: &apos;Windows 10&apos;, os.arch: &apos;amd64&apos;, os.version: &apos;10.0&apos;, java.version: &apos;14.0.1&apos;&#10;Driver info: org.openqa.selenium.firefox.FirefoxDriver&#10;Capabilities {acceptInsecureCerts: true, browserName: firefox, browserVersion: 77.0.1, javascriptEnabled: true, moz:accessibilityChecks: false, moz:buildID: 20200602222727, moz:geckodriverVersion: 0.24.0, moz:headless: false, moz:processID: 11900, moz:profile: C:\Windows\Temp\rust_mozpro..., moz:shutdownTimeout: 60000, moz:useNonSpecCompliantPointerOrigin: false, moz:webdriverClick: true, pageLoadStrategy: normal, platform: WINDOWS, platformName: WINDOWS, platformVersion: 10.0, rotatable: false, setWindowRect: true, strictFileInteractability: false, timeouts: {implicit: 0, pageLoad: 300000, script: 30000}, unhandledPromptBehavior: dismiss and notify}&#10;Session ID: 425a95db-1207-45a6-9268-5c9f3874f955" type="org.openqa.selenium.UnhandledAlertException">org.openqa.selenium.UnhandledAlertException: Dismissed user prompt dialog: please fill all fields: 
Build info: version: '3.141.59', revision: 'e82be7d358', time: '2018-11-14T08:17:03'
System info: host: 'DESKTOP-MAH8EC2', ip: '192.168.1.9', os.name: 'Windows 10', os.arch: 'amd64', os.version: '10.0', java.version: '14.0.1'
Driver info: org.openqa.selenium.firefox.FirefoxDriver
Capabilities {acceptInsecureCerts: true, browserName: firefox, browserVersion: 77.0.1, javascriptEnabled: true, moz:accessibilityChecks: false, moz:buildID: 20200602222727, moz:geckodriverVersion: 0.24.0, moz:headless: false, moz:processID: 11900, moz:profile: C:\Windows\Temp\rust_mozpro..., moz:shutdownTimeout: 60000, moz:useNonSpecCompliantPointerOrigin: false, moz:webdriverClick: true, pageLoadStrategy: normal, platform: WINDOWS, platformName: WINDOWS, platformVersion: 10.0, rotatable: false, setWindowRect: true, strictFileInteractability: false, timeouts: {implicit: 0, pageLoad: 300000, script: 30000}, unhandledPromptBehavior: dismiss and notify}
Session ID: 425a95db-1207-45a6-9268-5c9f3874f955
	at org.openqa.selenium.remote.http.W3CHttpResponseCodec.decode(W3CHttpResponseCodec.java:120)
	at org.openqa.selenium.remote.http.W3CHttpResponseCodec.decode(W3CHttpResponseCodec.java:49)
	at org.openqa.selenium.remote.HttpCommandExecutor.execute(HttpCommandExecutor.java:158)
	at org.openqa.selenium.remote.service.DriverCommandExecutor.execute(DriverCommandExecutor.java:83)
	at org.openqa.selenium.remote.RemoteWebDriver.execute(RemoteWebDriver.java:552)
	at org.openqa.selenium.remote.RemoteWebDriver.execute(RemoteWebDriver.java:609)
	at org.openqa.selenium.remote.RemoteWebDriver.getPageSource(RemoteWebDriver.java:438)
	at com.eBankingV1.Testcases.TC_AddCustomerTest_003.addNewCustomer(TC_AddCustomerTest_003.java:49)
</failure>
    <system-out><![CDATA[ INFO [main] (TC_AddCustomerTest_003.java:19)- User Name Provided
 INFO [main] (TC_AddCustomerTest_003.java:21)- Password Provided
 INFO [main] (TC_AddCustomerTest_003.java:29)- providing customer details....
 INFO [main] (TC_AddCustomerTest_003.java:48)- validation started....
]]></system-out>
    <system-err><![CDATA[1593774306583	mozrunner::runner	INFO	Running command: "C:\\Program Files\\Mozilla Firefox\\firefox.exe" "-marionette" "-foreground" "-no-remote" "-profile" "C:\\WINDOWS\\TEMP\\rust_mozprofile.e7gIBcuQEWjd"
JavaScript error: resource://gre/modules/XULStore.jsm, line 66: Error: Can't find profile directory.
1593774317629	Marionette	INFO	Listening on port 52026
1593774318119	Marionette	WARN	TLS certificate errors will be ignored for this session
Jul 03, 2020 4:35:18 PM org.openqa.selenium.remote.ProtocolHandshake createSession
INFO: Detected dialect: W3C
JavaScript error: https://eus.rubiconproject.com/usync.html, line 12: SecurityError: The operation is insecure.
JavaScript error: http://demo.guru99.com/v4/index.php, line 1: SyntaxError: missing ) after argument list
JavaScript error: https://eus.rubiconproject.com/usync.html, line 12: SecurityError: The operation is insecure.
1593774360892	Marionette	WARN	TimedPromise timed out after 500 ms: stacktrace:
TimedPromise/<@chrome://marionette/content/sync.js:245:13
TimedPromise@chrome://marionette/content/sync.js:230:10
interaction.flushEventLoop@chrome://marionette/content/interaction.js:416:10
webdriverClickElement@chrome://marionette/content/interaction.js:182:31
]]></system-err>
  </testcase>
</testsuite>